2022-07-14 00:00:40.336  INFO 6600 --- [ForkJoinPool.commonPool-worker-3] c.p.config.ScheduledTaskConfig           : TickerService calling for currency for DANSKE.CO
2022-07-14 00:00:40.342  INFO 6600 --- [ForkJoinPool.commonPool-worker-2] c.p.config.ScheduledTaskConfig           : TickerService calling for currency for SRNKE-B.ST
2022-07-14 00:00:40.336  INFO 6600 --- [ForkJoinPool.commonPool-worker-1] c.p.config.ScheduledTaskConfig           : TickerService calling for currency for NCC-B.ST
2022-07-14 00:00:40.345  INFO 6600 --- [task-24] c.p.config.ScheduledTaskConfig           : TickerService calling for currency for KHC
2022-07-14 00:00:40.381  INFO 6600 --- [ForkJoinPool.commonPool-worker-3] c.p.config.ScheduledTaskConfig           : TickerService calling for currency for SHB-A.ST
2022-07-14 00:00:40.385  INFO 6600 --- [ForkJoinPool.commonPool-worker-2] c.p.config.ScheduledTaskConfig           : TickerService calling for currency for SWED-A.ST
2022-07-14 00:00:40.392  INFO 6600 --- [task-24] c.p.config.ScheduledTaskConfig           : TickerService calling for currency for NAS.OL
2022-07-14 00:00:40.392  INFO 6600 --- [ForkJoinPool.commonPool-worker-1] c.p.config.ScheduledTaskConfig           : TickerService calling for currency for BRK-B
2022-07-14 00:00:40.392  INFO 6600 --- [ForkJoinPool.commonPool-worker-3] c.p.config.ScheduledTaskConfig           : TickerService calling for currency for SAS.ST
2022-07-14 00:00:40.429  INFO 6600 --- [task-24] c.p.config.ScheduledTaskConfig           : CurrencyService calling for pair rate: EUR-SEK
2022-07-14 00:00:40.429  INFO 6600 --- [ForkJoinPool.commonPool-worker-1] c.p.config.ScheduledTaskConfig           : CurrencyService calling for pair rate: EUR-DKK
2022-07-14 00:00:40.439  INFO 6600 --- [task-24] c.p.config.ScheduledTaskConfig           : CurrencyService calling for pair rate: EUR-NOK
2022-07-14 00:00:40.439  INFO 6600 --- [ForkJoinPool.commonPool-worker-1] c.p.config.ScheduledTaskConfig           : CurrencyService calling for pair rate: EUR-USD
2022-07-14 00:01:40.347  INFO 6600 --- [task-25] c.p.config.ScheduledTaskConfig           : TickerService calling for currency for KHC
2022-07-14 00:01:40.347  INFO 6600 --- [ForkJoinPool.commonPool-worker-2] c.p.config.ScheduledTaskConfig           : TickerService calling for currency for SHB-A.ST
2022-07-14 00:01:40.347  INFO 6600 --- [ForkJoinPool.commonPool-worker-3] c.p.config.ScheduledTaskConfig           : TickerService calling for currency for NCC-B.ST
2022-07-14 00:01:40.347  WARN 6600 --- [task-25] c.p.d.dto.ticker.TickerServiceYahooImpl  : class com.portfolioTracker.domain.dto.ticker.TickerServiceYahooImpl.isTickerSupported() caught exception while attempting connection to yahooMS
2022-07-14 00:01:40.362 ERROR 6600 --- [task-25] .a.i.SimpleAsyncUncaughtExceptionHandler : Unexpected exception occurred invoking async method: public void com.portfolioTracker.config.ScheduledTaskConfig.loadTickersToContext()

com.portfolioTracker.domain.dto.ticker.exception.TickerServiceNullResponseException: class com.portfolioTracker.domain.dto.ticker.TickerServiceYahooImpl returned null for method isTickerSupported()
	at com.portfolioTracker.domain.dto.ticker.TickerServiceYahooImpl.validateResult(TickerServiceYahooImpl.java:74) ~[main/:na]
	at com.portfolioTracker.domain.dto.ticker.TickerServiceYahooImpl.getTickerCurrency(TickerServiceYahooImpl.java:55) ~[main/:na]
	at com.portfolioTracker.domain.dto.ticker.TickerServiceYahooImpl$$FastClassBySpringCGLIB$$9049ecb1.invoke(<generated>) ~[main/:na]
	at org.springframework.cglib.proxy.MethodProxy.invoke(MethodProxy.java:218) ~[spring-core-5.3.21.jar:5.3.21]
	at org.springframework.aop.framework.CglibAopProxy$CglibMethodInvocation.invokeJoinpoint(CglibAopProxy.java:793) ~[spring-aop-5.3.21.jar:5.3.21]
	at org.springframework.aop.framework.ReflectiveMethodInvocation.proceed(ReflectiveMethodInvocation.java:163) ~[spring-aop-5.3.21.jar:5.3.21]
	at org.springframework.aop.framework.CglibAopProxy$CglibMethodInvocation.proceed(CglibAopProxy.java:763) ~[spring-aop-5.3.21.jar:5.3.21]
	at org.springframework.validation.beanvalidation.MethodValidationInterceptor.invoke(MethodValidationInterceptor.java:123) ~[spring-context-5.3.21.jar:5.3.21]
	at org.springframework.aop.framework.ReflectiveMethodInvocation.proceed(ReflectiveMethodInvocation.java:186) ~[spring-aop-5.3.21.jar:5.3.21]
	at org.springframework.aop.framework.CglibAopProxy$CglibMethodInvocation.proceed(CglibAopProxy.java:763) ~[spring-aop-5.3.21.jar:5.3.21]
	at org.springframework.aop.framework.CglibAopProxy$DynamicAdvisedInterceptor.intercept(CglibAopProxy.java:708) ~[spring-aop-5.3.21.jar:5.3.21]
	at com.portfolioTracker.domain.dto.ticker.TickerServiceYahooImpl$$EnhancerBySpringCGLIB$$16c9da09.getTickerCurrency(<generated>) ~[main/:na]
	at java.base/java.util.stream.ReferencePipeline$3$1.accept(ReferencePipeline.java:197) ~[na:na]
	at java.base/java.util.stream.ReferencePipeline$15$1.accept(ReferencePipeline.java:541) ~[na:na]
	at java.base/java.util.ArrayList$ArrayListSpliterator.forEachRemaining(ArrayList.java:1625) ~[na:na]
	at java.base/java.util.stream.AbstractPipeline.copyInto(AbstractPipeline.java:509) ~[na:na]
	at java.base/java.util.stream.AbstractPipeline.wrapAndCopyInto(AbstractPipeline.java:499) ~[na:na]
	at java.base/java.util.stream.ReduceOps$ReduceTask.doLeaf(ReduceOps.java:960) ~[na:na]
	at java.base/java.util.stream.ReduceOps$ReduceTask.doLeaf(ReduceOps.java:934) ~[na:na]
	at java.base/java.util.stream.AbstractTask.compute(AbstractTask.java:327) ~[na:na]
	at java.base/java.util.concurrent.CountedCompleter.exec(CountedCompleter.java:754) ~[na:na]
	at java.base/java.util.concurrent.ForkJoinTask.doExec(ForkJoinTask.java:373) ~[na:na]
	at java.base/java.util.concurrent.ForkJoinTask.invoke(ForkJoinTask.java:686) ~[na:na]
	at java.base/java.util.stream.ReduceOps$ReduceOp.evaluateParallel(ReduceOps.java:927) ~[na:na]
	at java.base/java.util.stream.AbstractPipeline.evaluate(AbstractPipeline.java:233) ~[na:na]
	at java.base/java.util.stream.ReferencePipeline.collect(ReferencePipeline.java:682) ~[na:na]
	at com.portfolioTracker.config.ScheduledTaskConfig.loadTickersToContext(ScheduledTaskConfig.java:38) ~[main/:na]
	at com.portfolioTracker.config.ScheduledTaskConfig$$FastClassBySpringCGLIB$$633bd9.invoke(<generated>) ~[main/:na]
	at org.springframework.cglib.proxy.MethodProxy.invoke(MethodProxy.java:218) ~[spring-core-5.3.21.jar:5.3.21]
	at org.springframework.aop.framework.CglibAopProxy$CglibMethodInvocation.invokeJoinpoint(CglibAopProxy.java:793) ~[spring-aop-5.3.21.jar:5.3.21]
	at org.springframework.aop.framework.ReflectiveMethodInvocation.proceed(ReflectiveMethodInvocation.java:163) ~[spring-aop-5.3.21.jar:5.3.21]
	at org.springframework.aop.framework.CglibAopProxy$CglibMethodInvocation.proceed(CglibAopProxy.java:763) ~[spring-aop-5.3.21.jar:5.3.21]
	at org.springframework.aop.interceptor.AsyncExecutionInterceptor.lambda$invoke$0(AsyncExecutionInterceptor.java:115) ~[spring-aop-5.3.21.jar:5.3.21]
	at java.base/java.util.concurrent.FutureTask.run(FutureTask.java:264) ~[na:na]
	at java.base/java.util.concurrent.ThreadPoolExecutor.runWorker(ThreadPoolExecutor.java:1136) ~[na:na]
	at java.base/java.util.concurrent.ThreadPoolExecutor$Worker.run(ThreadPoolExecutor.java:635) ~[na:na]
	at java.base/java.lang.Thread.run(Thread.java:833) ~[na:na]

2022-07-14 00:01:40.362  WARN 6600 --- [ForkJoinPool.commonPool-worker-2] c.p.d.dto.ticker.TickerServiceYahooImpl  : class com.portfolioTracker.domain.dto.ticker.TickerServiceYahooImpl.isTickerSupported() caught exception while attempting connection to yahooMS
2022-07-14 00:01:40.362  INFO 6600 --- [ForkJoinPool.commonPool-worker-2] c.p.config.ScheduledTaskConfig           : TickerService calling for currency for SAS.ST
2022-07-14 00:01:40.347  INFO 6600 --- [ForkJoinPool.commonPool-worker-1] c.p.config.ScheduledTaskConfig           : TickerService calling for currency for DANSKE.CO
2022-07-14 00:01:40.362  WARN 6600 --- [ForkJoinPool.commonPool-worker-2] c.p.d.dto.ticker.TickerServiceYahooImpl  : class com.portfolioTracker.domain.dto.ticker.TickerServiceYahooImpl.isTickerSupported() caught exception while attempting connection to yahooMS
2022-07-14 00:01:40.362  INFO 6600 --- [ForkJoinPool.commonPool-worker-2] c.p.config.ScheduledTaskConfig           : TickerService calling for currency for SWED-A.ST
2022-07-14 00:01:40.362  WARN 6600 --- [ForkJoinPool.commonPool-worker-1] c.p.d.dto.ticker.TickerServiceYahooImpl  : class com.portfolioTracker.domain.dto.ticker.TickerServiceYahooImpl.isTickerSupported() caught exception while attempting connection to yahooMS
2022-07-14 00:01:40.362  INFO 6600 --- [ForkJoinPool.commonPool-worker-1] c.p.config.ScheduledTaskConfig           : TickerService calling for currency for SRNKE-B.ST
2022-07-14 00:01:40.378  WARN 6600 --- [ForkJoinPool.commonPool-worker-2] c.p.d.dto.ticker.TickerServiceYahooImpl  : class com.portfolioTracker.domain.dto.ticker.TickerServiceYahooImpl.isTickerSupported() caught exception while attempting connection to yahooMS
2022-07-14 00:01:40.378  INFO 6600 --- [ForkJoinPool.commonPool-worker-2] c.p.config.ScheduledTaskConfig           : TickerService calling for currency for NAS.OL
2022-07-14 00:01:40.378  WARN 6600 --- [ForkJoinPool.commonPool-worker-1] c.p.d.dto.ticker.TickerServiceYahooImpl  : class com.portfolioTracker.domain.dto.ticker.TickerServiceYahooImpl.isTickerSupported() caught exception while attempting connection to yahooMS
2022-07-14 00:01:40.378  INFO 6600 --- [ForkJoinPool.commonPool-worker-1] c.p.config.ScheduledTaskConfig           : TickerService calling for currency for BRK-B
2022-07-14 00:01:40.378  WARN 6600 --- [ForkJoinPool.commonPool-worker-1] c.p.d.dto.ticker.TickerServiceYahooImpl  : class com.portfolioTracker.domain.dto.ticker.TickerServiceYahooImpl.isTickerSupported() caught exception while attempting connection to yahooMS
2022-07-14 00:01:40.394  WARN 6600 --- [ForkJoinPool.commonPool-worker-3] c.p.d.dto.ticker.TickerServiceYahooImpl  : class com.portfolioTracker.domain.dto.ticker.TickerServiceYahooImpl.isTickerSupported() caught exception while attempting connection to yahooMS
2022-07-14 00:01:40.407  WARN 6600 --- [ForkJoinPool.commonPool-worker-2] c.p.d.dto.ticker.TickerServiceYahooImpl  : class com.portfolioTracker.domain.dto.ticker.TickerServiceYahooImpl.isTickerSupported() caught exception while attempting connection to yahooMS
2022-07-14 00:02:40.347  INFO 6600 --- [task-26] c.p.config.ScheduledTaskConfig           : TickerService calling for currency for KHC
2022-07-14 00:02:40.347  INFO 6600 --- [ForkJoinPool.commonPool-worker-2] c.p.config.ScheduledTaskConfig           : TickerService calling for currency for DANSKE.CO
2022-07-14 00:02:40.347  INFO 6600 --- [ForkJoinPool.commonPool-worker-3] c.p.config.ScheduledTaskConfig           : TickerService calling for currency for SHB-A.ST
2022-07-14 00:02:40.347  INFO 6600 --- [ForkJoinPool.commonPool-worker-1] c.p.config.ScheduledTaskConfig           : TickerService calling for currency for NAS.OL
2022-07-14 00:02:44.233  INFO 6600 --- [task-26] c.p.config.ScheduledTaskConfig           : TickerService calling for currency for NCC-B.ST
2022-07-14 00:02:44.248  INFO 6600 --- [ForkJoinPool.commonPool-worker-2] c.p.config.ScheduledTaskConfig           : TickerService calling for currency for SRNKE-B.ST
2022-07-14 00:02:45.686  INFO 6600 --- [ForkJoinPool.commonPool-worker-3] c.p.config.ScheduledTaskConfig           : TickerService calling for currency for SAS.ST
2022-07-14 00:02:45.686  INFO 6600 --- [task-26] c.p.config.ScheduledTaskConfig           : TickerService calling for currency for BRK-B
2022-07-14 00:02:46.928  INFO 6600 --- [ForkJoinPool.commonPool-worker-3] c.p.config.ScheduledTaskConfig           : TickerService calling for currency for SWED-A.ST
2022-07-14 00:02:49.246  INFO 6600 --- [task-26] c.p.config.ScheduledTaskConfig           : CurrencyService calling for pair rate: EUR-SEK
2022-07-14 00:02:49.246  INFO 6600 --- [ForkJoinPool.commonPool-worker-3] c.p.config.ScheduledTaskConfig           : CurrencyService calling for pair rate: EUR-DKK
2022-07-14 00:02:50.928  INFO 6600 --- [ForkJoinPool.commonPool-worker-3] c.p.config.ScheduledTaskConfig           : CurrencyService calling for pair rate: EUR-USD
2022-07-14 00:02:50.944  INFO 6600 --- [task-26] c.p.config.ScheduledTaskConfig           : CurrencyService calling for pair rate: EUR-NOK
2022-07-14 00:03:40.384  INFO 6600 --- [task-27] c.p.config.ScheduledTaskConfig           : TickerService calling for currency for KHC
2022-07-14 00:03:40.384  WARN 6600 --- [task-27] c.p.d.dto.ticker.TickerServiceYahooImpl  : class com.portfolioTracker.domain.dto.ticker.TickerServiceYahooImpl.isTickerSupported() caught exception while attempting connection to yahooMS
2022-07-14 00:03:40.384 ERROR 6600 --- [task-27] .a.i.SimpleAsyncUncaughtExceptionHandler : Unexpected exception occurred invoking async method: public void com.portfolioTracker.config.ScheduledTaskConfig.loadTickersToContext()

com.portfolioTracker.domain.dto.ticker.exception.TickerServiceNullResponseException: class com.portfolioTracker.domain.dto.ticker.TickerServiceYahooImpl returned null for method isTickerSupported()
	at com.portfolioTracker.domain.dto.ticker.TickerServiceYahooImpl.validateResult(TickerServiceYahooImpl.java:74) ~[main/:na]
	at com.portfolioTracker.domain.dto.ticker.TickerServiceYahooImpl.getTickerCurrency(TickerServiceYahooImpl.java:55) ~[main/:na]
	at com.portfolioTracker.domain.dto.ticker.TickerServiceYahooImpl$$FastClassBySpringCGLIB$$9049ecb1.invoke(<generated>) ~[main/:na]
	at org.springframework.cglib.proxy.MethodProxy.invoke(MethodProxy.java:218) ~[spring-core-5.3.21.jar:5.3.21]
	at org.springframework.aop.framework.CglibAopProxy$CglibMethodInvocation.invokeJoinpoint(CglibAopProxy.java:793) ~[spring-aop-5.3.21.jar:5.3.21]
	at org.springframework.aop.framework.ReflectiveMethodInvocation.proceed(ReflectiveMethodInvocation.java:163) ~[spring-aop-5.3.21.jar:5.3.21]
	at org.springframework.aop.framework.CglibAopProxy$CglibMethodInvocation.proceed(CglibAopProxy.java:763) ~[spring-aop-5.3.21.jar:5.3.21]
	at org.springframework.validation.beanvalidation.MethodValidationInterceptor.invoke(MethodValidationInterceptor.java:123) ~[spring-context-5.3.21.jar:5.3.21]
	at org.springframework.aop.framework.ReflectiveMethodInvocation.proceed(ReflectiveMethodInvocation.java:186) ~[spring-aop-5.3.21.jar:5.3.21]
	at org.springframework.aop.framework.CglibAopProxy$CglibMethodInvocation.proceed(CglibAopProxy.java:763) ~[spring-aop-5.3.21.jar:5.3.21]
	at org.springframework.aop.framework.CglibAopProxy$DynamicAdvisedInterceptor.intercept(CglibAopProxy.java:708) ~[spring-aop-5.3.21.jar:5.3.21]
	at com.portfolioTracker.domain.dto.ticker.TickerServiceYahooImpl$$EnhancerBySpringCGLIB$$16c9da09.getTickerCurrency(<generated>) ~[main/:na]
	at java.base/java.util.stream.ReferencePipeline$3$1.accept(ReferencePipeline.java:197) ~[na:na]
	at java.base/java.util.stream.ReferencePipeline$15$1.accept(ReferencePipeline.java:541) ~[na:na]
	at java.base/java.util.ArrayList$ArrayListSpliterator.forEachRemaining(ArrayList.java:1625) ~[na:na]
	at java.base/java.util.stream.AbstractPipeline.copyInto(AbstractPipeline.java:509) ~[na:na]
	at java.base/java.util.stream.AbstractPipeline.wrapAndCopyInto(AbstractPipeline.java:499) ~[na:na]
	at java.base/java.util.stream.ReduceOps$ReduceTask.doLeaf(ReduceOps.java:960) ~[na:na]
	at java.base/java.util.stream.ReduceOps$ReduceTask.doLeaf(ReduceOps.java:934) ~[na:na]
	at java.base/java.util.stream.AbstractTask.compute(AbstractTask.java:327) ~[na:na]
	at java.base/java.util.concurrent.CountedCompleter.exec(CountedCompleter.java:754) ~[na:na]
	at java.base/java.util.concurrent.ForkJoinTask.doExec(ForkJoinTask.java:373) ~[na:na]
	at java.base/java.util.concurrent.ForkJoinTask.invoke(ForkJoinTask.java:686) ~[na:na]
	at java.base/java.util.stream.ReduceOps$ReduceOp.evaluateParallel(ReduceOps.java:927) ~[na:na]
	at java.base/java.util.stream.AbstractPipeline.evaluate(AbstractPipeline.java:233) ~[na:na]
	at java.base/java.util.stream.ReferencePipeline.collect(ReferencePipeline.java:682) ~[na:na]
	at com.portfolioTracker.config.ScheduledTaskConfig.loadTickersToContext(ScheduledTaskConfig.java:38) ~[main/:na]
	at com.portfolioTracker.config.ScheduledTaskConfig$$FastClassBySpringCGLIB$$633bd9.invoke(<generated>) ~[main/:na]
	at org.springframework.cglib.proxy.MethodProxy.invoke(MethodProxy.java:218) ~[spring-core-5.3.21.jar:5.3.21]
	at org.springframework.aop.framework.CglibAopProxy$CglibMethodInvocation.invokeJoinpoint(CglibAopProxy.java:793) ~[spring-aop-5.3.21.jar:5.3.21]
	at org.springframework.aop.framework.ReflectiveMethodInvocation.proceed(ReflectiveMethodInvocation.java:163) ~[spring-aop-5.3.21.jar:5.3.21]
	at org.springframework.aop.framework.CglibAopProxy$CglibMethodInvocation.proceed(CglibAopProxy.java:763) ~[spring-aop-5.3.21.jar:5.3.21]
	at org.springframework.aop.interceptor.AsyncExecutionInterceptor.lambda$invoke$0(AsyncExecutionInterceptor.java:115) ~[spring-aop-5.3.21.jar:5.3.21]
	at java.base/java.util.concurrent.FutureTask.run(FutureTask.java:264) ~[na:na]
	at java.base/java.util.concurrent.ThreadPoolExecutor.runWorker(ThreadPoolExecutor.java:1136) ~[na:na]
	at java.base/java.util.concurrent.ThreadPoolExecutor$Worker.run(ThreadPoolExecutor.java:635) ~[na:na]
	at java.base/java.lang.Thread.run(Thread.java:833) ~[na:na]

2022-07-14 00:03:40.396  INFO 6600 --- [ForkJoinPool.commonPool-worker-1] c.p.config.ScheduledTaskConfig           : TickerService calling for currency for SWED-A.ST
2022-07-14 00:03:40.384  INFO 6600 --- [ForkJoinPool.commonPool-worker-2] c.p.config.ScheduledTaskConfig           : TickerService calling for currency for SHB-A.ST
2022-07-14 00:03:40.397  WARN 6600 --- [ForkJoinPool.commonPool-worker-2] c.p.d.dto.ticker.TickerServiceYahooImpl  : class com.portfolioTracker.domain.dto.ticker.TickerServiceYahooImpl.isTickerSupported() caught exception while attempting connection to yahooMS
2022-07-14 00:03:40.397  WARN 6600 --- [ForkJoinPool.commonPool-worker-1] c.p.d.dto.ticker.TickerServiceYahooImpl  : class com.portfolioTracker.domain.dto.ticker.TickerServiceYahooImpl.isTickerSupported() caught exception while attempting connection to yahooMS
2022-07-14 00:03:40.408  INFO 6600 --- [ForkJoinPool.commonPool-worker-1] c.p.config.ScheduledTaskConfig           : TickerService calling for currency for NAS.OL
2022-07-14 00:03:40.408  WARN 6600 --- [ForkJoinPool.commonPool-worker-1] c.p.d.dto.ticker.TickerServiceYahooImpl  : class com.portfolioTracker.domain.dto.ticker.TickerServiceYahooImpl.isTickerSupported() caught exception while attempting connection to yahooMS
2022-07-14 00:03:40.408  INFO 6600 --- [ForkJoinPool.commonPool-worker-1] c.p.config.ScheduledTaskConfig           : TickerService calling for currency for NCC-B.ST
2022-07-14 00:03:40.408  WARN 6600 --- [ForkJoinPool.commonPool-worker-1] c.p.d.dto.ticker.TickerServiceYahooImpl  : class com.portfolioTracker.domain.dto.ticker.TickerServiceYahooImpl.isTickerSupported() caught exception while attempting connection to yahooMS
2022-07-14 00:03:40.408  INFO 6600 --- [ForkJoinPool.commonPool-worker-1] c.p.config.ScheduledTaskConfig           : TickerService calling for currency for BRK-B
2022-07-14 00:03:40.384  INFO 6600 --- [ForkJoinPool.commonPool-worker-3] c.p.config.ScheduledTaskConfig           : TickerService calling for currency for DANSKE.CO
2022-07-14 00:03:40.408  WARN 6600 --- [ForkJoinPool.commonPool-worker-1] c.p.d.dto.ticker.TickerServiceYahooImpl  : class com.portfolioTracker.domain.dto.ticker.TickerServiceYahooImpl.isTickerSupported() caught exception while attempting connection to yahooMS
2022-07-14 00:03:40.397  INFO 6600 --- [ForkJoinPool.commonPool-worker-2] c.p.config.ScheduledTaskConfig           : TickerService calling for currency for SAS.ST
2022-07-14 00:03:40.426  INFO 6600 --- [ForkJoinPool.commonPool-worker-1] c.p.config.ScheduledTaskConfig           : TickerService calling for currency for SRNKE-B.ST
2022-07-14 00:03:40.426  WARN 6600 --- [ForkJoinPool.commonPool-worker-3] c.p.d.dto.ticker.TickerServiceYahooImpl  : class com.portfolioTracker.domain.dto.ticker.TickerServiceYahooImpl.isTickerSupported() caught exception while attempting connection to yahooMS
2022-07-14 00:03:40.430  WARN 6600 --- [ForkJoinPool.commonPool-worker-1] c.p.d.dto.ticker.TickerServiceYahooImpl  : class com.portfolioTracker.domain.dto.ticker.TickerServiceYahooImpl.isTickerSupported() caught exception while attempting connection to yahooMS
2022-07-14 00:03:40.433  WARN 6600 --- [ForkJoinPool.commonPool-worker-2] c.p.d.dto.ticker.TickerServiceYahooImpl  : class com.portfolioTracker.domain.dto.ticker.TickerServiceYahooImpl.isTickerSupported() caught exception while attempting connection to yahooMS
2022-07-14 00:04:40.353  INFO 6600 --- [task-28] c.p.config.ScheduledTaskConfig           : TickerService calling for currency for KHC
2022-07-14 00:04:40.354  INFO 6600 --- [ForkJoinPool.commonPool-worker-2] c.p.config.ScheduledTaskConfig           : TickerService calling for currency for DANSKE.CO
2022-07-14 00:04:40.358  INFO 6600 --- [ForkJoinPool.commonPool-worker-3] c.p.config.ScheduledTaskConfig           : TickerService calling for currency for NCC-B.ST
2022-07-14 00:04:40.353  INFO 6600 --- [ForkJoinPool.commonPool-worker-1] c.p.config.ScheduledTaskConfig           : TickerService calling for currency for SHB-A.ST
2022-07-14 00:04:44.594  INFO 6600 --- [task-28] c.p.config.ScheduledTaskConfig           : TickerService calling for currency for NAS.OL
2022-07-14 00:04:44.660  INFO 6600 --- [ForkJoinPool.commonPool-worker-2] c.p.config.ScheduledTaskConfig           : TickerService calling for currency for SRNKE-B.ST
2022-07-14 00:04:46.010  INFO 6600 --- [ForkJoinPool.commonPool-worker-2] c.p.config.ScheduledTaskConfig           : TickerService calling for currency for BRK-B
2022-07-14 00:04:46.048  INFO 6600 --- [ForkJoinPool.commonPool-worker-1] c.p.config.ScheduledTaskConfig           : TickerService calling for currency for SAS.ST
2022-07-14 00:04:46.985  INFO 6600 --- [task-28] c.p.config.ScheduledTaskConfig           : TickerService calling for currency for SWED-A.ST
2022-07-14 00:04:48.919  INFO 6600 --- [ForkJoinPool.commonPool-worker-3] c.p.config.ScheduledTaskConfig           : CurrencyService calling for pair rate: EUR-DKK
2022-07-14 00:04:48.919  INFO 6600 --- [task-28] c.p.config.ScheduledTaskConfig           : CurrencyService calling for pair rate: EUR-SEK
2022-07-14 00:04:50.168  INFO 6600 --- [task-28] c.p.config.ScheduledTaskConfig           : CurrencyService calling for pair rate: EUR-NOK
2022-07-14 00:04:50.468  INFO 6600 --- [ForkJoinPool.commonPool-worker-3] c.p.config.ScheduledTaskConfig           : CurrencyService calling for pair rate: EUR-USD
2022-07-14 00:05:40.352  INFO 6600 --- [task-29] c.p.config.ScheduledTaskConfig           : TickerService calling for currency for KHC
2022-07-14 00:05:40.359  INFO 6600 --- [ForkJoinPool.commonPool-worker-1] c.p.config.ScheduledTaskConfig           : TickerService calling for currency for BRK-B
2022-07-14 00:05:40.352  INFO 6600 --- [ForkJoinPool.commonPool-worker-2] c.p.config.ScheduledTaskConfig           : TickerService calling for currency for NCC-B.ST
2022-07-14 00:05:40.352  INFO 6600 --- [ForkJoinPool.commonPool-worker-3] c.p.config.ScheduledTaskConfig           : TickerService calling for currency for DANSKE.CO
2022-07-14 00:05:40.364  INFO 6600 --- [ForkJoinPool.commonPool-worker-1] c.p.config.ScheduledTaskConfig           : TickerService calling for currency for SHB-A.ST
2022-07-14 00:05:40.380  INFO 6600 --- [task-29] c.p.config.ScheduledTaskConfig           : TickerService calling for currency for NAS.OL
2022-07-14 00:05:40.380  INFO 6600 --- [ForkJoinPool.commonPool-worker-1] c.p.config.ScheduledTaskConfig           : TickerService calling for currency for SAS.ST
2022-07-14 00:05:40.395  INFO 6600 --- [ForkJoinPool.commonPool-worker-1] c.p.config.ScheduledTaskConfig           : TickerService calling for currency for SWED-A.ST
2022-07-14 00:05:40.427  INFO 6600 --- [ForkJoinPool.commonPool-worker-1] c.p.config.ScheduledTaskConfig           : TickerService calling for currency for SRNKE-B.ST
2022-07-14 00:05:40.463  INFO 6600 --- [task-29] c.p.config.ScheduledTaskConfig           : CurrencyService calling for pair rate: EUR-SEK
2022-07-14 00:05:40.463  INFO 6600 --- [ForkJoinPool.commonPool-worker-2] c.p.config.ScheduledTaskConfig           : CurrencyService calling for pair rate: EUR-DKK
2022-07-14 00:05:40.475  INFO 6600 --- [task-29] c.p.config.ScheduledTaskConfig           : CurrencyService calling for pair rate: EUR-NOK
2022-07-14 00:05:40.479  INFO 6600 --- [ForkJoinPool.commonPool-worker-2] c.p.config.ScheduledTaskConfig           : CurrencyService calling for pair rate: EUR-USD
2022-07-14 00:06:40.352  INFO 6600 --- [task-30] c.p.config.ScheduledTaskConfig           : TickerService calling for currency for KHC
2022-07-14 00:06:40.355  INFO 6600 --- [ForkJoinPool.commonPool-worker-3] c.p.config.ScheduledTaskConfig           : TickerService calling for currency for NCC-B.ST
2022-07-14 00:06:40.352  INFO 6600 --- [ForkJoinPool.commonPool-worker-1] c.p.config.ScheduledTaskConfig           : TickerService calling for currency for SHB-A.ST
2022-07-14 00:06:40.352  INFO 6600 --- [ForkJoinPool.commonPool-worker-2] c.p.config.ScheduledTaskConfig           : TickerService calling for currency for DANSKE.CO
2022-07-14 00:06:40.387  INFO 6600 --- [task-30] c.p.config.ScheduledTaskConfig           : TickerService calling for currency for NAS.OL
2022-07-14 00:06:40.395  INFO 6600 --- [ForkJoinPool.commonPool-worker-3] c.p.config.ScheduledTaskConfig           : TickerService calling for currency for BRK-B
2022-07-14 00:06:40.406  INFO 6600 --- [task-30] c.p.config.ScheduledTaskConfig           : TickerService calling for currency for SWED-A.ST
2022-07-14 00:06:40.421  INFO 6600 --- [ForkJoinPool.commonPool-worker-2] c.p.config.ScheduledTaskConfig           : TickerService calling for currency for SRNKE-B.ST
2022-07-14 00:06:40.468  INFO 6600 --- [ForkJoinPool.commonPool-worker-2] c.p.config.ScheduledTaskConfig           : TickerService calling for currency for SAS.ST
2022-07-14 00:06:40.559  INFO 6600 --- [ForkJoinPool.commonPool-worker-2] c.p.config.ScheduledTaskConfig           : CurrencyService calling for pair rate: EUR-DKK
2022-07-14 00:06:40.559  INFO 6600 --- [task-30] c.p.config.ScheduledTaskConfig           : CurrencyService calling for pair rate: EUR-SEK
2022-07-14 00:06:40.571  INFO 6600 --- [task-30] c.p.config.ScheduledTaskConfig           : CurrencyService calling for pair rate: EUR-NOK
2022-07-14 00:06:40.594  INFO 6600 --- [ForkJoinPool.commonPool-worker-2] c.p.config.ScheduledTaskConfig           : CurrencyService calling for pair rate: EUR-USD
2022-07-14 00:07:40.352  INFO 6600 --- [task-31] c.p.config.ScheduledTaskConfig           : TickerService calling for currency for KHC
2022-07-14 00:07:40.354  INFO 6600 --- [ForkJoinPool.commonPool-worker-3] c.p.config.ScheduledTaskConfig           : TickerService calling for currency for NCC-B.ST
2022-07-14 00:07:40.353  INFO 6600 --- [ForkJoinPool.commonPool-worker-1] c.p.config.ScheduledTaskConfig           : TickerService calling for currency for SHB-A.ST
2022-07-14 00:07:40.352  INFO 6600 --- [ForkJoinPool.commonPool-worker-2] c.p.config.ScheduledTaskConfig           : TickerService calling for currency for DANSKE.CO
2022-07-14 00:07:40.362  INFO 6600 --- [ForkJoinPool.commonPool-worker-3] c.p.config.ScheduledTaskConfig           : TickerService calling for currency for BRK-B
2022-07-14 00:07:40.362  INFO 6600 --- [task-31] c.p.config.ScheduledTaskConfig           : TickerService calling for currency for NAS.OL
2022-07-14 00:07:40.362  INFO 6600 --- [ForkJoinPool.commonPool-worker-3] c.p.config.ScheduledTaskConfig           : TickerService calling for currency for SRNKE-B.ST
2022-07-14 00:07:40.378  INFO 6600 --- [ForkJoinPool.commonPool-worker-2] c.p.config.ScheduledTaskConfig           : TickerService calling for currency for SWED-A.ST
2022-07-14 00:07:40.388  INFO 6600 --- [task-31] c.p.config.ScheduledTaskConfig           : TickerService calling for currency for SAS.ST
2022-07-14 00:07:40.407  INFO 6600 --- [task-31] c.p.config.ScheduledTaskConfig           : CurrencyService calling for pair rate: EUR-SEK
2022-07-14 00:07:40.407  INFO 6600 --- [ForkJoinPool.commonPool-worker-2] c.p.config.ScheduledTaskConfig           : CurrencyService calling for pair rate: EUR-DKK
2022-07-14 00:07:40.407  INFO 6600 --- [ForkJoinPool.commonPool-worker-2] c.p.config.ScheduledTaskConfig           : CurrencyService calling for pair rate: EUR-USD
2022-07-14 00:07:40.422  INFO 6600 --- [task-31] c.p.config.ScheduledTaskConfig           : CurrencyService calling for pair rate: EUR-NOK
2022-07-14 00:08:40.335  INFO 6600 --- [task-32] c.p.config.ScheduledTaskConfig           : TickerService calling for currency for KHC
2022-07-14 00:08:40.345  INFO 6600 --- [ForkJoinPool.commonPool-worker-3] c.p.config.ScheduledTaskConfig           : TickerService calling for currency for NAS.OL
2022-07-14 00:08:40.335  INFO 6600 --- [ForkJoinPool.commonPool-worker-2] c.p.config.ScheduledTaskConfig           : TickerService calling for currency for DANSKE.CO
2022-07-14 00:08:40.335  INFO 6600 --- [ForkJoinPool.commonPool-worker-1] c.p.config.ScheduledTaskConfig           : TickerService calling for currency for SHB-A.ST
2022-07-14 00:08:40.367  INFO 6600 --- [ForkJoinPool.commonPool-worker-3] c.p.config.ScheduledTaskConfig           : TickerService calling for currency for NCC-B.ST
2022-07-14 00:08:40.367  INFO 6600 --- [task-32] c.p.config.ScheduledTaskConfig           : TickerService calling for currency for BRK-B
2022-07-14 00:08:40.395  INFO 6600 --- [ForkJoinPool.commonPool-worker-3] c.p.config.ScheduledTaskConfig           : TickerService calling for currency for SRNKE-B.ST
2022-07-14 00:08:40.418  INFO 6600 --- [task-32] c.p.config.ScheduledTaskConfig           : TickerService calling for currency for SWED-A.ST
2022-07-14 00:08:40.449  INFO 6600 --- [task-32] c.p.config.ScheduledTaskConfig           : TickerService calling for currency for SAS.ST
2022-07-14 00:08:40.535  INFO 6600 --- [task-32] c.p.config.ScheduledTaskConfig           : CurrencyService calling for pair rate: EUR-SEK
2022-07-14 00:08:40.535  INFO 6600 --- [ForkJoinPool.commonPool-worker-1] c.p.config.ScheduledTaskConfig           : CurrencyService calling for pair rate: EUR-DKK
2022-07-14 00:08:40.545  INFO 6600 --- [ForkJoinPool.commonPool-worker-1] c.p.config.ScheduledTaskConfig           : CurrencyService calling for pair rate: EUR-USD
2022-07-14 00:08:40.545  INFO 6600 --- [task-32] c.p.config.ScheduledTaskConfig           : CurrencyService calling for pair rate: EUR-NOK
2022-07-14 00:09:40.343  INFO 6600 --- [task-33] c.p.config.ScheduledTaskConfig           : TickerService calling for currency for KHC
2022-07-14 00:09:40.343  INFO 6600 --- [ForkJoinPool.commonPool-worker-3] c.p.config.ScheduledTaskConfig           : TickerService calling for currency for SHB-A.ST
2022-07-14 00:09:40.343  INFO 6600 --- [ForkJoinPool.commonPool-worker-1] c.p.config.ScheduledTaskConfig           : TickerService calling for currency for DANSKE.CO
2022-07-14 00:09:40.344  INFO 6600 --- [ForkJoinPool.commonPool-worker-2] c.p.config.ScheduledTaskConfig           : TickerService calling for currency for NCC-B.ST
2022-07-14 00:09:43.893  INFO 6600 --- [task-33] c.p.config.ScheduledTaskConfig           : TickerService calling for currency for NAS.OL
2022-07-14 00:09:43.930  INFO 6600 --- [ForkJoinPool.commonPool-worker-1] c.p.config.ScheduledTaskConfig           : TickerService calling for currency for SRNKE-B.ST
2022-07-14 00:09:45.011  INFO 6600 --- [ForkJoinPool.commonPool-worker-1] c.p.config.ScheduledTaskConfig           : TickerService calling for currency for BRK-B
2022-07-14 00:09:45.027  INFO 6600 --- [ForkJoinPool.commonPool-worker-3] c.p.config.ScheduledTaskConfig           : TickerService calling for currency for SAS.ST
2022-07-14 00:09:45.926  INFO 6600 --- [ForkJoinPool.commonPool-worker-2] c.p.config.ScheduledTaskConfig           : TickerService calling for currency for SWED-A.ST
2022-07-14 00:09:48.370  INFO 6600 --- [ForkJoinPool.commonPool-worker-3] c.p.config.ScheduledTaskConfig           : CurrencyService calling for pair rate: EUR-DKK
2022-07-14 00:09:48.371  INFO 6600 --- [task-33] c.p.config.ScheduledTaskConfig           : CurrencyService calling for pair rate: EUR-SEK
2022-07-14 00:09:49.760  INFO 6600 --- [ForkJoinPool.commonPool-worker-3] c.p.config.ScheduledTaskConfig           : CurrencyService calling for pair rate: EUR-USD
2022-07-14 00:09:49.760  INFO 6600 --- [task-33] c.p.config.ScheduledTaskConfig           : CurrencyService calling for pair rate: EUR-NOK
2022-07-14 00:10:40.344  INFO 6600 --- [task-34] c.p.config.ScheduledTaskConfig           : TickerService calling for currency for KHC
2022-07-14 00:10:40.344  INFO 6600 --- [ForkJoinPool.commonPool-worker-3] c.p.config.ScheduledTaskConfig           : TickerService calling for currency for DANSKE.CO
2022-07-14 00:10:40.344  INFO 6600 --- [ForkJoinPool.commonPool-worker-2] c.p.config.ScheduledTaskConfig           : TickerService calling for currency for NCC-B.ST
2022-07-14 00:10:40.344  INFO 6600 --- [ForkJoinPool.commonPool-worker-1] c.p.config.ScheduledTaskConfig           : TickerService calling for currency for SHB-A.ST
2022-07-14 00:10:40.383  INFO 6600 --- [task-34] c.p.config.ScheduledTaskConfig           : TickerService calling for currency for NAS.OL
2022-07-14 00:10:40.383  INFO 6600 --- [ForkJoinPool.commonPool-worker-3] c.p.config.ScheduledTaskConfig           : TickerService calling for currency for SRNKE-B.ST
2022-07-14 00:10:40.451  INFO 6600 --- [ForkJoinPool.commonPool-worker-3] c.p.config.ScheduledTaskConfig           : TickerService calling for currency for BRK-B
2022-07-14 00:10:40.504  INFO 6600 --- [task-34] c.p.config.ScheduledTaskConfig           : TickerService calling for currency for SWED-A.ST
2022-07-14 00:10:40.536  INFO 6600 --- [task-34] c.p.config.ScheduledTaskConfig           : TickerService calling for currency for SAS.ST
2022-07-14 00:10:40.637  INFO 6600 --- [task-34] c.p.config.ScheduledTaskConfig           : CurrencyService calling for pair rate: EUR-SEK
2022-07-14 00:10:40.637  INFO 6600 --- [ForkJoinPool.commonPool-worker-1] c.p.config.ScheduledTaskConfig           : CurrencyService calling for pair rate: EUR-DKK
2022-07-14 00:10:40.648  INFO 6600 --- [task-34] c.p.config.ScheduledTaskConfig           : CurrencyService calling for pair rate: EUR-NOK
2022-07-14 00:10:40.701  INFO 6600 --- [ForkJoinPool.commonPool-worker-1] c.p.config.ScheduledTaskConfig           : CurrencyService calling for pair rate: EUR-USD
